{
  "0 debug pnpm:scope": {
    "selected": 1
  },
  "1 debug pnpm:package-manifest": {
    "initial": {
      "name": "skygoaltech",
      "version": "1.0.0",
      "description": "",
      "main": "index.js",
      "scripts": {
        "test": "echo \"Error: no test specified\" && exit 1"
      },
      "keywords": [],
      "author": "",
      "license": "ISC"
    },
    "prefix": "/home/workspace/nodejs/nodejsdriveassignments/skygoaltech"
  },
  "2 debug pnpm:context": {
    "currentLockfileExists": false,
    "storeDir": "/home/workspace/.pnpm-store/v3",
    "virtualStoreDir": "/home/workspace/nodejs/nodejsdriveassignments/skygoaltech/node_modules/.pnpm"
  },
  "3 debug pnpm:stage": {
    "prefix": "/home/workspace/nodejs/nodejsdriveassignments/skygoaltech",
    "stage": "resolution_started"
  },
  "4 error pnpm": {
    "code": "ERR_PNPM_FETCH_404",
    "hint": "express is not in the npm registry, or you have no permission to fetch it.\n\nNo authorization header was set for the request.",
    "request": {
      "url": "https://npm.pkg.github.com/express"
    },
    "response": {
      "size": 0
    },
    "pkgName": "express",
    "pkgsStack": [],
    "err": {
      "name": "pnpm",
      "message": "GET https://npm.pkg.github.com/express: Not Found - 404",
      "code": "ERR_PNPM_FETCH_404",
      "stack": "pnpm: GET https://npm.pkg.github.com/express: Not Found - 404\n    at RetryOperation._fn (/usr/local/lib/node_modules/pnpm/dist/pnpm.cjs:85815:19)\n    at processTicksAndRejections (internal/process/task_queues.js:95:5)"
    }
  }
}